<?xml version="1.0" ?>
<testsuite errors="0" failures="0" name="make_platform_classes.TestExplore_Windows_2012_firefox_18_" tests="1" time="49.343">
	<testcase classname="make_platform_classes.TestExplore_Windows_2012_firefox_18_" name="test_explore" time="49.343"/>
	<system-out>
<![CDATA[TestExplore_Windows_2012_firefox_18_ passed!
]]>	</system-out>
	<system-err>
<![CDATA[]]>	</system-err>
</testsuite>
