<?xml version="1.0" ?>
<testsuite errors="0" failures="0" name="make_platform_classes.TestAbout_Windows_2012_firefox_18_" tests="1" time="25.592">
	<testcase classname="make_platform_classes.TestAbout_Windows_2012_firefox_18_" name="test_about" time="25.592"/>
	<system-out>
<![CDATA[TestAbout_Windows_2012_firefox_18_ failed!
]]>	</system-out>
	<system-err>
<![CDATA[]]>	</system-err>
</testsuite>
